0 info it worked if it ends with ok
1 verbose cli [ 'C:\\Program Files\\nodejs\\node.exe',
1 verbose cli   'C:\\Users\\i54626\\AppData\\Roaming\\npm\\node_modules\\npm\\bin\\npm-cli.js',
1 verbose cli   'start' ]
2 info using npm@4.0.5
3 info using node@v7.4.0
4 verbose run-script [ 'prestart', 'start', 'poststart' ]
5 info lifecycle angular-material-starter@0.2.0~prestart: angular-material-starter@0.2.0
6 silly lifecycle angular-material-starter@0.2.0~prestart: no script for prestart, continuing
7 info lifecycle angular-material-starter@0.2.0~start: angular-material-starter@0.2.0
8 verbose lifecycle angular-material-starter@0.2.0~start: unsafe-perm in lifecycle true
9 verbose lifecycle angular-material-starter@0.2.0~start: PATH: C:\Users\i54626\AppData\Roaming\npm\node_modules\npm\bin\node-gyp-bin;C:\Test Cases\Sublime\Angular\roomSite\node_modules\.bin;C:\ProgramData\Oracle\Java\javapath;C:\windows\system32;C:\windows;C:\windows\System32\Wbem;C:\windows\System32\WindowsPowerShell\v1.0\;C:\windows\system32\config\systemprofile\.dnx\bin;C:\Program Files\Microsoft DNX\Dnvm\;C:\Program Files\Microsoft SQL Server\130\Tools\Binn\;C:\Program Files\Git\cmd;C:\Program Files\nodejs\;C:\Program Files (x86)\Windows Kits\10\Windows Performance Toolkit\;C:\Program Files (x86)\Java\jre1.8.0_111\bin;C:\Users\i54626\AppData\Local\Microsoft\WindowsApps;C:\Users\i54626\AppData\Roaming\npm
10 verbose lifecycle angular-material-starter@0.2.0~start: CWD: C:\Test Cases\Sublime\Angular\roomSite
11 silly lifecycle angular-material-starter@0.2.0~start: Args: [ '/d /s /c', 'node index.js' ]
12 silly lifecycle angular-material-starter@0.2.0~start: Returned: code: 3221225786  signal: null
13 info lifecycle angular-material-starter@0.2.0~start: Failed to exec start script
14 verbose stack Error: angular-material-starter@0.2.0 start: `node index.js`
14 verbose stack Exit status 3221225786
14 verbose stack     at EventEmitter.<anonymous> (C:\Users\i54626\AppData\Roaming\npm\node_modules\npm\lib\utils\lifecycle.js:279:16)
14 verbose stack     at emitTwo (events.js:106:13)
14 verbose stack     at EventEmitter.emit (events.js:191:7)
14 verbose stack     at ChildProcess.<anonymous> (C:\Users\i54626\AppData\Roaming\npm\node_modules\npm\lib\utils\spawn.js:40:14)
14 verbose stack     at emitTwo (events.js:106:13)
14 verbose stack     at ChildProcess.emit (events.js:191:7)
14 verbose stack     at maybeClose (internal/child_process.js:885:16)
14 verbose stack     at Process.ChildProcess._handle.onexit (internal/child_process.js:226:5)
15 verbose pkgid angular-material-starter@0.2.0
16 verbose cwd C:\Test Cases\Sublime\Angular\roomSite
17 error Windows_NT 10.0.14393
18 error argv "C:\\Program Files\\nodejs\\node.exe" "C:\\Users\\i54626\\AppData\\Roaming\\npm\\node_modules\\npm\\bin\\npm-cli.js" "start"
19 error node v7.4.0
20 error npm  v4.0.5
21 error code ELIFECYCLE
22 error angular-material-starter@0.2.0 start: `node index.js`
22 error Exit status 3221225786
23 error Failed at the angular-material-starter@0.2.0 start script 'node index.js'.
23 error Make sure you have the latest version of node.js and npm installed.
23 error If you do, this is most likely a problem with the angular-material-starter package,
23 error not with npm itself.
23 error Tell the author that this fails on your system:
23 error     node index.js
23 error You can get information on how to open an issue for this project with:
23 error     npm bugs angular-material-starter
23 error Or if that isn't available, you can get their info via:
23 error     npm owner ls angular-material-starter
23 error There is likely additional logging output above.
24 verbose exit [ 1, true ]
